<?xml version="1.0" encoding="UTF-8"?>
<!-- Generated by org.testng.reporters.JUnitXMLReporter -->
<testsuite hostname="Daviss-MacBook-Pro.local" failures="1" tests="2" name="Command line test" time="4.855" errors="0" timestamp="4 Jan 2020 21:32:04 GMT">
  <testcase classname="com.platform.project.test.HomePageTest" name="openHomePage" time="0.158"/>
  <testcase classname="com.platform.project.test.HomePageTest" name="openHomePage2" time="0.851">
    <failure type="junit.framework.AssertionFailedError">
      <![CDATA[junit.framework.AssertionFailedError
	at junit.framework.Assert.fail(Assert.java:48)
	at junit.framework.Assert.assertTrue(Assert.java:20)
	at junit.framework.Assert.assertTrue(Assert.java:27)
	at com.platform.project.commons.Commons.check(Commons.java:43)
	at com.platform.project.test.HomePageTest.openHomePage2(HomePageTest.java:43)
... Removed 33 stack frames]]>
    </failure>
  </testcase> <!-- openHomePage2 -->
</testsuite> <!-- Command line test -->
